Determining if the pthread_create exist failed with the following output:
Change Dir: /home/jetson4/cyglidar_ws/build/CMakeFiles/CMakeTmp

Run Build Command:"/usr/bin/make" "cmTC_a9cca/fast"
/usr/bin/make -f CMakeFiles/cmTC_a9cca.dir/build.make CMakeFiles/cmTC_a9cca.dir/build
make[1]: Entering directory '/home/jetson4/cyglidar_ws/build/CMakeFiles/CMakeTmp'
Building C object CMakeFiles/cmTC_a9cca.dir/CheckSymbolExists.c.o
/usr/bin/cc    -o CMakeFiles/cmTC_a9cca.dir/CheckSymbolExists.c.o   -c /home/jetson4/cyglidar_ws/build/CMakeFiles/CMakeTmp/CheckSymbolExists.c
Linking C executable cmTC_a9cca
/usr/bin/cmake -E cmake_link_script CMakeFiles/cmTC_a9cca.dir/link.txt --verbose=1
/usr/bin/cc      -rdynamic CMakeFiles/cmTC_a9cca.dir/CheckSymbolExists.c.o  -o cmTC_a9cca 
CMakeFiles/cmTC_a9cca.dir/CheckSymbolExists.c.o: In function `main':
CheckSymbolExists.c:(.text+0x14): undefined reference to `pthread_create'
CheckSymbolExists.c:(.text+0x18): undefined reference to `pthread_create'
collect2: error: ld returned 1 exit status
CMakeFiles/cmTC_a9cca.dir/build.make:97: recipe for target 'cmTC_a9cca' failed
make[1]: *** [cmTC_a9cca] Error 1
make[1]: Leaving directory '/home/jetson4/cyglidar_ws/build/CMakeFiles/CMakeTmp'
Makefile:126: recipe for target 'cmTC_a9cca/fast' failed
make: *** [cmTC_a9cca/fast] Error 2

File /home/jetson4/cyglidar_ws/build/CMakeFiles/CMakeTmp/CheckSymbolExists.c:
/* */
#include <pthread.h>

int main(int argc, char** argv)
{
  (void)argv;
#ifndef pthread_create
  return ((int*)(&pthread_create))[argc];
#else
  (void)argc;
  return 0;
#endif
}

Determining if the function pthread_create exists in the pthreads failed with the following output:
Change Dir: /home/jetson4/cyglidar_ws/build/CMakeFiles/CMakeTmp

Run Build Command:"/usr/bin/make" "cmTC_46797/fast"
/usr/bin/make -f CMakeFiles/cmTC_46797.dir/build.make CMakeFiles/cmTC_46797.dir/build
make[1]: Entering directory '/home/jetson4/cyglidar_ws/build/CMakeFiles/CMakeTmp'
Building C object CMakeFiles/cmTC_46797.dir/CheckFunctionExists.c.o
/usr/bin/cc   -DCHECK_FUNCTION_EXISTS=pthread_create   -o CMakeFiles/cmTC_46797.dir/CheckFunctionExists.c.o   -c /usr/share/cmake-3.10/Modules/CheckFunctionExists.c
Linking C executable cmTC_46797
/usr/bin/cmake -E cmake_link_script CMakeFiles/cmTC_46797.dir/link.txt --verbose=1
/usr/bin/cc  -DCHECK_FUNCTION_EXISTS=pthread_create    -rdynamic CMakeFiles/cmTC_46797.dir/CheckFunctionExists.c.o  -o cmTC_46797 -lpthreads 
/usr/bin/ld: cannot find -lpthreads
collect2: error: ld returned 1 exit status
CMakeFiles/cmTC_46797.dir/build.make:97: recipe for target 'cmTC_46797' failed
make[1]: *** [cmTC_46797] Error 1
make[1]: Leaving directory '/home/jetson4/cyglidar_ws/build/CMakeFiles/CMakeTmp'
Makefile:126: recipe for target 'cmTC_46797/fast' failed
make: *** [cmTC_46797/fast] Error 2


